<?xml version="1.0" encoding="UTF-8"?>
<testsuite xmlns:xsi="http://www.w3.org/2001/XMLSchema-instance" xsi:noNamespaceSchemaLocation="https://maven.apache.org/surefire/maven-surefire-plugin/xsd/surefire-test-report-3.0.xsd" version="3.0" name="com.lab.bank.BankAccountTest" time="0.119" tests="3" errors="0" skipped="0" failures="0">
  <properties>
[...]
</properties>
  <testcase name="depositIncreasesBalance" classname="com.lab.bank.BankAccountTest" time="0.07"/>
  <testcase name="withdrawMoreThanBalanceThrows" classname="com.lab.bank.BankAccountTest" time="0.003"/>
  <testcase name="withdrawDecreasesBalance" classname="com.lab.bank.BankAccountTest" time="0.002"/>
</testsuite>